  ConsoleApplication1.cpp
D:\Code Files\VS\ConsoleApplication1\ConsoleApplication1.cpp(71,70): warning C4244: 'argument': conversion from 'double' to 'T', possible loss of data
          with
          [
              T=int
          ]
D:\Code Files\VS\ConsoleApplication1\ConsoleApplication1.cpp(71,59): warning C4244: 'argument': conversion from 'double' to 'T', possible loss of data
          with
          [
              T=int
          ]
D:\Code Files\VS\ConsoleApplication1\ConsoleApplication1.cpp(84,70): warning C4244: 'argument': conversion from 'double' to 'T', possible loss of data
          with
          [
              T=int
          ]
D:\Code Files\VS\ConsoleApplication1\ConsoleApplication1.cpp(84,59): warning C4244: 'argument': conversion from 'double' to 'T', possible loss of data
          with
          [
              T=int
          ]
D:\Code Files\VS\ConsoleApplication1\ConsoleApplication1.cpp(98,70): warning C4244: 'argument': conversion from 'double' to 'T', possible loss of data
          with
          [
              T=int
          ]
D:\Code Files\VS\ConsoleApplication1\ConsoleApplication1.cpp(98,59): warning C4244: 'argument': conversion from 'double' to 'T', possible loss of data
          with
          [
              T=int
          ]
D:\Code Files\VS\ConsoleApplication1\ConsoleApplication1.cpp(111,70): warning C4244: 'argument': conversion from 'double' to 'T', possible loss of data
          with
          [
              T=int
          ]
D:\Code Files\VS\ConsoleApplication1\ConsoleApplication1.cpp(111,59): warning C4244: 'argument': conversion from 'double' to 'T', possible loss of data
          with
          [
              T=int
          ]
  Generating code
  1 of 85 functions ( 1.2%) were compiled, the rest were copied from previous compilation.
    0 functions were new in current compilation
    0 functions had inline decision re-evaluated but remain unchanged
  Finished generating code
  ConsoleApplication1.vcxproj -> D:\Code Files\VS\ConsoleApplication1\x64\Release\ConsoleApplication1.exe
